<?xml version="1.0" encoding="UTF-8"?>
<!-- Generated by org.testng.reporters.JUnitXMLReporter -->
<testsuite ignored="3" hostname="LAPTOP-DM7CRT84" failures="0" tests="1" name="Default test" time="0.069" errors="0" timestamp="2022-08-14T17:24:00 IST">
  <testcase classname="KiteTest.TC_001" name="@BeforeClass browserlaunching" time="-1.660478039947E9">
    <failure type="org.testng.TestNGException" message="
Parameter &amp;apos;browsername&amp;apos; is required by BeforeClass on method browserlaunching but has not been marked @Optional or defined
in C:\Users\bamho\AppData\Local\Temp\testng-eclipse--1349776961\testng-customsuite.xml">
      <![CDATA[org.testng.TestNGException: 
Parameter 'browsername' is required by BeforeClass on method browserlaunching but has not been marked @Optional or defined
in C:\Users\bamho\AppData\Local\Temp\testng-eclipse--1349776961\testng-customsuite.xml
at org.testng.internal.Parameters.createParams(Parameters.java:270)
at org.testng.internal.Parameters.createParametersForMethod(Parameters.java:358)
at org.testng.internal.Parameters.createParameters(Parameters.java:700)
at org.testng.internal.Parameters.createConfigurationParameters(Parameters.java:168)
at org.testng.internal.ConfigInvoker.invokeConfigurations(ConfigInvoker.java:302)
at org.testng.internal.TestMethodWorker.invokeBeforeClassMethods(TestMethodWorker.java:176)
at org.testng.internal.TestMethodWorker.run(TestMethodWorker.java:122)
at java.base/java.util.ArrayList.forEach(ArrayList.java:1541)
at org.testng.TestRunner.privateRun(TestRunner.java:794)
at org.testng.TestRunner.run(TestRunner.java:596)
at org.testng.SuiteRunner.runTest(SuiteRunner.java:377)
at org.testng.SuiteRunner.runSequentially(SuiteRunner.java:371)
at org.testng.SuiteRunner.privateRun(SuiteRunner.java:332)
at org.testng.SuiteRunner.run(SuiteRunner.java:276)
at org.testng.SuiteRunnerWorker.runSuite(SuiteRunnerWorker.java:53)
at org.testng.SuiteRunnerWorker.run(SuiteRunnerWorker.java:96)
at org.testng.TestNG.runSuitesSequentially(TestNG.java:1212)
at org.testng.TestNG.runSuitesLocally(TestNG.java:1134)
at org.testng.TestNG.runSuites(TestNG.java:1063)
at org.testng.TestNG.run(TestNG.java:1031)
at org.testng.remote.AbstractRemoteTestNG.run(AbstractRemoteTestNG.java:115)
at org.testng.remote.RemoteTestNG.initAndRun(RemoteTestNG.java:251)
at org.testng.remote.RemoteTestNG.main(RemoteTestNG.java:77)
]]>
    </failure>
  </testcase> <!-- @BeforeClass browserlaunching -->
  <testcase classname="KiteTest.TC_001" name="@BeforeMethod LoginIntoTheKite" time="-1.660478039974E9">
    <skipped/>
  </testcase> <!-- @BeforeMethod LoginIntoTheKite -->
  <testcase classname="KiteTest.TC_001" name="@AfterMethod logoutKiteApp" time="-1.660478039983E9">
    <skipped/>
  </testcase> <!-- @AfterMethod logoutKiteApp -->
  <testcase classname="KiteTest.TC_001" name="@AfterClass browserClosing" time="-1.660478039986E9">
    <skipped/>
  </testcase> <!-- @AfterClass browserClosing -->
  <testcase classname="KiteTest.TC_001" name="validateOrderStatus" time="0.0">
    <skipped/>
  </testcase> <!-- validateOrderStatus -->
  <testcase classname="KiteTest.TC_001" name="quantityFiledStatus" time="0.0">
    <ignored/>
  </testcase> <!-- quantityFiledStatus -->
  <testcase classname="KiteTest.TC_001" name="validateTradingOptionsPresence" time="0.0">
    <ignored/>
  </testcase> <!-- validateTradingOptionsPresence -->
  <testcase classname="KiteTest.TC_001" name="validateAdditionOfStockInWishlist" time="0.0">
    <ignored/>
  </testcase> <!-- validateAdditionOfStockInWishlist -->
</testsuite> <!-- Default test -->
